2019-11-23 22:31:39.735  INFO 8728 --- [restartedMain] c.i.p.ProjekatZaKrajApplication          : Starting ProjekatZaKrajApplication on DESKTOP-SUE0IVS with PID 8728 (C:\Users\draku\git\e-SchoolRegister\server\target\classes started by draku in C:\Users\draku\git\e-SchoolRegister\server)
2019-11-23 22:31:39.744  INFO 8728 --- [restartedMain] c.i.p.ProjekatZaKrajApplication          : No active profile set, falling back to default profiles: default
2019-11-23 22:31:39.807  INFO 8728 --- [restartedMain] .e.DevToolsPropertyDefaultsPostProcessor : Devtools property defaults active! Set 'spring.devtools.add-properties' to 'false' to disable
2019-11-23 22:31:39.808  INFO 8728 --- [restartedMain] .e.DevToolsPropertyDefaultsPostProcessor : For additional web related logging consider setting the 'logging.level.web' property to 'DEBUG'
2019-11-23 22:31:41.078  INFO 8728 --- [restartedMain] .s.d.r.c.RepositoryConfigurationDelegate : Bootstrapping Spring Data repositories in DEFAULT mode.
2019-11-23 22:31:41.294  INFO 8728 --- [restartedMain] .s.d.r.c.RepositoryConfigurationDelegate : Finished Spring Data repository scanning in 207ms. Found 16 repository interfaces.
2019-11-23 22:31:41.837  INFO 8728 --- [restartedMain] trationDelegate$BeanPostProcessorChecker : Bean 'org.springframework.transaction.annotation.ProxyTransactionManagementConfiguration' of type [org.springframework.transaction.annotation.ProxyTransactionManagementConfiguration$$EnhancerBySpringCGLIB$$d5844d] is not eligible for getting processed by all BeanPostProcessors (for example: not eligible for auto-proxying)
2019-11-23 22:31:41.898  INFO 8728 --- [restartedMain] trationDelegate$BeanPostProcessorChecker : Bean 'org.springframework.security.config.annotation.configuration.ObjectPostProcessorConfiguration' of type [org.springframework.security.config.annotation.configuration.ObjectPostProcessorConfiguration$$EnhancerBySpringCGLIB$$99834c87] is not eligible for getting processed by all BeanPostProcessors (for example: not eligible for auto-proxying)
2019-11-23 22:31:41.906  INFO 8728 --- [restartedMain] trationDelegate$BeanPostProcessorChecker : Bean 'objectPostProcessor' of type [org.springframework.security.config.annotation.configuration.AutowireBeanFactoryObjectPostProcessor] is not eligible for getting processed by all BeanPostProcessors (for example: not eligible for auto-proxying)
2019-11-23 22:31:41.911  INFO 8728 --- [restartedMain] trationDelegate$BeanPostProcessorChecker : Bean 'org.springframework.security.access.expression.method.DefaultMethodSecurityExpressionHandler@802c388' of type [org.springframework.security.access.expression.method.DefaultMethodSecurityExpressionHandler] is not eligible for getting processed by all BeanPostProcessors (for example: not eligible for auto-proxying)
2019-11-23 22:31:41.915  INFO 8728 --- [restartedMain] trationDelegate$BeanPostProcessorChecker : Bean 'org.springframework.security.config.annotation.method.configuration.GlobalMethodSecurityConfiguration' of type [org.springframework.security.config.annotation.method.configuration.GlobalMethodSecurityConfiguration$$EnhancerBySpringCGLIB$$be57ef39] is not eligible for getting processed by all BeanPostProcessors (for example: not eligible for auto-proxying)
2019-11-23 22:31:41.921  INFO 8728 --- [restartedMain] trationDelegate$BeanPostProcessorChecker : Bean 'methodSecurityMetadataSource' of type [org.springframework.security.access.method.DelegatingMethodSecurityMetadataSource] is not eligible for getting processed by all BeanPostProcessors (for example: not eligible for auto-proxying)
2019-11-23 22:31:42.403  INFO 8728 --- [restartedMain] o.s.b.w.e.t.TomcatWebServer              : Tomcat initialized with port(s): 8080 (http)
2019-11-23 22:31:42.432  INFO 8728 --- [restartedMain] o.a.c.c.StandardService                  : Starting service [Tomcat]
2019-11-23 22:31:42.433  INFO 8728 --- [restartedMain] o.a.c.c.StandardEngine                   : Starting Servlet engine: [Apache Tomcat/9.0.17]
2019-11-23 22:31:42.653  INFO 8728 --- [restartedMain] o.a.c.c.C.[.[.[/]                        : Initializing Spring embedded WebApplicationContext
2019-11-23 22:31:42.654  INFO 8728 --- [restartedMain] o.s.w.c.ContextLoader                    : Root WebApplicationContext: initialization completed in 2845 ms
2019-11-23 22:31:43.036  INFO 8728 --- [restartedMain] c.z.h.HikariDataSource                   : HikariPool-1 - Starting...
2019-11-23 22:31:43.040  WARN 8728 --- [restartedMain] c.z.h.u.DriverDataSource                 : Registered driver with driverClassName=com.mysql.jdbc.Driver was not found, trying direct instantiation.
2019-11-23 22:31:43.721  INFO 8728 --- [restartedMain] c.z.h.HikariDataSource                   : HikariPool-1 - Start completed.
2019-11-23 22:32:07.769  INFO 8728 --- [restartedMain] j.LocalContainerEntityManagerFactoryBean : Initialized JPA EntityManagerFactory for persistence unit 'default'
2019-11-23 22:32:07.832  INFO 8728 --- [restartedMain] o.s.b.d.a.OptionalLiveReloadServer       : LiveReload server is running on port 35729
2019-11-23 22:32:09.921  WARN 8728 --- [restartedMain] aWebConfiguration$JpaWebMvcConfiguration : spring.jpa.open-in-view is enabled by default. Therefore, database queries may be performed during view rendering. Explicitly configure spring.jpa.open-in-view to disable this warning
2019-11-23 22:32:10.108  INFO 8728 --- [restartedMain] o.s.s.w.DefaultSecurityFilterChain       : Creating filter chain: any request, [org.springframework.security.web.context.request.async.WebAsyncManagerIntegrationFilter@7214a6ec, org.springframework.security.web.context.SecurityContextPersistenceFilter@6de14a3d, org.springframework.security.web.header.HeaderWriterFilter@2f78743a, org.springframework.web.filter.CorsFilter@7dc9774c, org.springframework.security.web.authentication.logout.LogoutFilter@416b8dc, org.springframework.security.web.authentication.www.BasicAuthenticationFilter@393d28c2, org.springframework.security.web.savedrequest.RequestCacheAwareFilter@7b7cf82a, org.springframework.security.web.servletapi.SecurityContextHolderAwareRequestFilter@76308119, org.springframework.security.web.authentication.AnonymousAuthenticationFilter@786aa091, org.springframework.security.web.session.SessionManagementFilter@6633569, org.springframework.security.web.access.ExceptionTranslationFilter@2905d6bd, org.springframework.security.web.access.intercept.FilterSecurityInterceptor@e5ade91]
2019-11-23 22:32:10.371  INFO 8728 --- [restartedMain] o.s.s.c.ThreadPoolTaskExecutor           : Initializing ExecutorService 'applicationTaskExecutor'
2019-11-23 22:32:10.735  INFO 8728 --- [restartedMain] o.s.b.w.e.t.TomcatWebServer              : Tomcat started on port(s): 8080 (http) with context path ''
2019-11-23 22:32:10.739  INFO 8728 --- [restartedMain] c.i.p.ProjekatZaKrajApplication          : Started ProjekatZaKrajApplication in 31.637 seconds (JVM running for 33.239)
2019-11-23 22:32:19.318  INFO 8728 --- [http-nio-8080-exec-1] o.a.c.c.C.[.[.[/]                        : Initializing Spring DispatcherServlet 'dispatcherServlet'
2019-11-23 22:32:19.318  INFO 8728 --- [http-nio-8080-exec-1] o.s.w.s.DispatcherServlet                : Initializing Servlet 'dispatcherServlet'
2019-11-23 22:32:19.327  INFO 8728 --- [http-nio-8080-exec-1] o.s.w.s.DispatcherServlet                : Completed initialization in 9 ms
2019-11-23 22:32:19.672  INFO 8728 --- [http-nio-8080-exec-1] c.i.p.c.UserController                   : ################ /project/users/LogIn started.
2019-11-23 22:32:19.672  INFO 8728 --- [http-nio-8080-exec-1] c.i.p.c.UserController                   : Logged username: admin
2019-11-23 22:32:19.741  INFO 8728 --- [http-nio-8080-exec-1] c.i.p.c.UserController                   : ---------------- LogIn finished OK.
2019-11-23 22:32:20.388  INFO 8728 --- [http-nio-8080-exec-2] c.i.p.c.AdminController                  : ################ /project/admin/getLoggedAdmin started.
2019-11-23 22:32:20.389  INFO 8728 --- [http-nio-8080-exec-2] c.i.p.c.AdminController                  : Logged username: admin
2019-11-23 22:32:20.396 ERROR 8728 --- [http-nio-8080-exec-2] c.i.p.c.AdminController                  : ++++++++++++++++ Exception occurred: For queries with named parameters you need to use provide names for method parameters. Use @Param for query method parameters, or when on Java 8+ use the javac flag -parameters.; nested exception is java.lang.IllegalStateException: For queries with named parameters you need to use provide names for method parameters. Use @Param for query method parameters, or when on Java 8+ use the javac flag -parameters.
2019-11-23 22:33:19.470  INFO 8728 --- [http-nio-8080-exec-4] c.i.p.c.AdminController                  : ################ /project/admin/getAllWithUserAccount started.
2019-11-23 22:33:19.471  INFO 8728 --- [http-nio-8080-exec-4] c.i.p.c.AdminController                  : Logged username: admin
2019-11-23 22:33:19.474 ERROR 8728 --- [http-nio-8080-exec-4] c.i.p.c.AdminController                  : ++++++++++++++++ Exception occurred: For queries with named parameters you need to use provide names for method parameters. Use @Param for query method parameters, or when on Java 8+ use the javac flag -parameters.; nested exception is java.lang.IllegalStateException: For queries with named parameters you need to use provide names for method parameters. Use @Param for query method parameters, or when on Java 8+ use the javac flag -parameters.
2019-11-23 22:36:16.160  INFO 8728 --- [http-nio-8080-exec-7] c.i.p.c.TeacherController                : ################ /project/teacher/withaccount/getAllWithUserAccount started.
2019-11-23 22:36:16.160  INFO 8728 --- [http-nio-8080-exec-7] c.i.p.c.TeacherController                : Logged username: admin
2019-11-23 22:36:16.163 ERROR 8728 --- [http-nio-8080-exec-7] c.i.p.c.TeacherController                : ++++++++++++++++ Exception occurred: For queries with named parameters you need to use provide names for method parameters. Use @Param for query method parameters, or when on Java 8+ use the javac flag -parameters.; nested exception is java.lang.IllegalStateException: For queries with named parameters you need to use provide names for method parameters. Use @Param for query method parameters, or when on Java 8+ use the javac flag -parameters.
2019-11-23 22:39:12.288  INFO 8728 --- [Thread-6] o.s.s.c.ThreadPoolTaskExecutor           : Shutting down ExecutorService 'applicationTaskExecutor'
2019-11-23 22:39:12.296  INFO 8728 --- [Thread-6] j.LocalContainerEntityManagerFactoryBean : Closing JPA EntityManagerFactory for persistence unit 'default'
2019-11-23 22:39:12.301  INFO 8728 --- [Thread-6] c.z.h.HikariDataSource                   : HikariPool-1 - Shutdown initiated...
2019-11-23 22:39:12.319  INFO 8728 --- [Thread-6] c.z.h.HikariDataSource                   : HikariPool-1 - Shutdown completed.
2019-11-23 21:39:13.029  INFO 8728 --- [restartedMain] c.i.p.ProjekatZaKrajApplication          : Starting ProjekatZaKrajApplication on DESKTOP-SUE0IVS with PID 8728 (C:\Users\draku\git\e-SchoolRegister\server\target\classes started by draku in C:\Users\draku\git\e-SchoolRegister\server)
2019-11-23 21:39:13.029  INFO 8728 --- [restartedMain] c.i.p.ProjekatZaKrajApplication          : No active profile set, falling back to default profiles: default
2019-11-23 21:39:13.632  INFO 8728 --- [restartedMain] .s.d.r.c.RepositoryConfigurationDelegate : Bootstrapping Spring Data repositories in DEFAULT mode.
2019-11-23 21:39:13.750  INFO 8728 --- [restartedMain] .s.d.r.c.RepositoryConfigurationDelegate : Finished Spring Data repository scanning in 118ms. Found 16 repository interfaces.
2019-11-23 21:39:13.874  INFO 8728 --- [restartedMain] trationDelegate$BeanPostProcessorChecker : Bean 'org.springframework.transaction.annotation.ProxyTransactionManagementConfiguration' of type [org.springframework.transaction.annotation.ProxyTransactionManagementConfiguration$$EnhancerBySpringCGLIB$$d5844d] is not eligible for getting processed by all BeanPostProcessors (for example: not eligible for auto-proxying)
2019-11-23 21:39:13.878  INFO 8728 --- [restartedMain] trationDelegate$BeanPostProcessorChecker : Bean 'org.springframework.security.config.annotation.configuration.ObjectPostProcessorConfiguration' of type [org.springframework.security.config.annotation.configuration.ObjectPostProcessorConfiguration$$EnhancerBySpringCGLIB$$99834c87] is not eligible for getting processed by all BeanPostProcessors (for example: not eligible for auto-proxying)
2019-11-23 21:39:13.880  INFO 8728 --- [restartedMain] trationDelegate$BeanPostProcessorChecker : Bean 'objectPostProcessor' of type [org.springframework.security.config.annotation.configuration.AutowireBeanFactoryObjectPostProcessor] is not eligible for getting processed by all BeanPostProcessors (for example: not eligible for auto-proxying)
2019-11-23 21:39:13.881  INFO 8728 --- [restartedMain] trationDelegate$BeanPostProcessorChecker : Bean 'org.springframework.security.access.expression.method.DefaultMethodSecurityExpressionHandler@4c54ca8' of type [org.springframework.security.access.expression.method.DefaultMethodSecurityExpressionHandler] is not eligible for getting processed by all BeanPostProcessors (for example: not eligible for auto-proxying)
2019-11-23 21:39:13.884  INFO 8728 --- [restartedMain] trationDelegate$BeanPostProcessorChecker : Bean 'org.springframework.security.config.annotation.method.configuration.GlobalMethodSecurityConfiguration' of type [org.springframework.security.config.annotation.method.configuration.GlobalMethodSecurityConfiguration$$EnhancerBySpringCGLIB$$be57ef39] is not eligible for getting processed by all BeanPostProcessors (for example: not eligible for auto-proxying)
2019-11-23 21:39:13.886  INFO 8728 --- [restartedMain] trationDelegate$BeanPostProcessorChecker : Bean 'methodSecurityMetadataSource' of type [org.springframework.security.access.method.DelegatingMethodSecurityMetadataSource] is not eligible for getting processed by all BeanPostProcessors (for example: not eligible for auto-proxying)
2019-11-23 21:39:14.131  INFO 8728 --- [restartedMain] o.s.b.w.e.t.TomcatWebServer              : Tomcat initialized with port(s): 8080 (http)
2019-11-23 21:39:14.133  INFO 8728 --- [restartedMain] o.a.c.c.StandardService                  : Starting service [Tomcat]
2019-11-23 21:39:14.134  INFO 8728 --- [restartedMain] o.a.c.c.StandardEngine                   : Starting Servlet engine: [Apache Tomcat/9.0.17]
2019-11-23 21:39:14.192  INFO 8728 --- [restartedMain] o.a.c.c.C.[.[.[/]                        : Initializing Spring embedded WebApplicationContext
2019-11-23 21:39:14.192  INFO 8728 --- [restartedMain] o.s.w.c.ContextLoader                    : Root WebApplicationContext: initialization completed in 1160 ms
2019-11-23 21:39:14.302  INFO 8728 --- [restartedMain] c.z.h.HikariDataSource                   : HikariPool-2 - Starting...
2019-11-23 21:39:14.302  WARN 8728 --- [restartedMain] c.z.h.u.DriverDataSource                 : Registered driver with driverClassName=com.mysql.jdbc.Driver was not found, trying direct instantiation.
2019-11-23 21:39:14.317  INFO 8728 --- [restartedMain] c.z.h.HikariDataSource                   : HikariPool-2 - Start completed.
2019-11-23 21:39:28.995  INFO 8728 --- [restartedMain] j.LocalContainerEntityManagerFactoryBean : Initialized JPA EntityManagerFactory for persistence unit 'default'
2019-11-23 21:39:29.031  INFO 8728 --- [restartedMain] o.s.b.d.a.OptionalLiveReloadServer       : LiveReload server is running on port 35729
2019-11-23 21:39:29.851  WARN 8728 --- [restartedMain] aWebConfiguration$JpaWebMvcConfiguration : spring.jpa.open-in-view is enabled by default. Therefore, database queries may be performed during view rendering. Explicitly configure spring.jpa.open-in-view to disable this warning
2019-11-23 21:39:29.944  INFO 8728 --- [restartedMain] o.s.s.w.DefaultSecurityFilterChain       : Creating filter chain: any request, [org.springframework.security.web.context.request.async.WebAsyncManagerIntegrationFilter@b5538e3, org.springframework.security.web.context.SecurityContextPersistenceFilter@6a3dc3a0, org.springframework.security.web.header.HeaderWriterFilter@735daa9f, org.springframework.web.filter.CorsFilter@544383f7, org.springframework.security.web.authentication.logout.LogoutFilter@7d7df7c, org.springframework.security.web.authentication.www.BasicAuthenticationFilter@56cfe25f, org.springframework.security.web.savedrequest.RequestCacheAwareFilter@53c0821e, org.springframework.security.web.servletapi.SecurityContextHolderAwareRequestFilter@4d57c3ab, org.springframework.security.web.authentication.AnonymousAuthenticationFilter@37f357ac, org.springframework.security.web.session.SessionManagementFilter@50334f22, org.springframework.security.web.access.ExceptionTranslationFilter@254380f1, org.springframework.security.web.access.intercept.FilterSecurityInterceptor@28b97d5e]
2019-11-23 21:39:30.027  INFO 8728 --- [restartedMain] o.s.s.c.ThreadPoolTaskExecutor           : Initializing ExecutorService 'applicationTaskExecutor'
2019-11-23 21:39:30.199  INFO 8728 --- [restartedMain] o.s.b.w.e.t.TomcatWebServer              : Tomcat started on port(s): 8080 (http) with context path ''
2019-11-23 21:39:30.200  INFO 8728 --- [restartedMain] c.i.p.ProjekatZaKrajApplication          : Started ProjekatZaKrajApplication in 17.257 seconds (JVM running for 472.7)
2019-11-23 21:39:30.206  INFO 8728 --- [restartedMain] .ConditionEvaluationDeltaLoggingListener : Condition evaluation unchanged
2019-11-23 21:39:34.200  INFO 8728 --- [http-nio-8080-exec-1] o.a.c.c.C.[.[.[/]                        : Initializing Spring DispatcherServlet 'dispatcherServlet'
2019-11-23 21:39:34.200  INFO 8728 --- [http-nio-8080-exec-1] o.s.w.s.DispatcherServlet                : Initializing Servlet 'dispatcherServlet'
2019-11-23 21:39:34.210  INFO 8728 --- [http-nio-8080-exec-1] o.s.w.s.DispatcherServlet                : Completed initialization in 10 ms
2019-11-23 21:39:34.512  INFO 8728 --- [http-nio-8080-exec-2] c.i.p.c.ClassController                  : ################ /project/class/getAll started.
2019-11-23 21:39:34.513  INFO 8728 --- [http-nio-8080-exec-2] c.i.p.c.ClassController                  : Logged user: admin
2019-11-23 21:39:34.550  INFO 8728 --- [http-nio-8080-exec-2] c.i.p.c.ClassController                  : ---------------- Finished OK.
2019-11-23 21:39:37.889  INFO 8728 --- [http-nio-8080-exec-5] c.i.p.c.DepartmentController             : ################ /project/department/getAllWithClass started.
2019-11-23 21:39:37.889  INFO 8728 --- [http-nio-8080-exec-5] c.i.p.c.DepartmentController             : Logged user: admin
2019-11-23 21:39:37.891 ERROR 8728 --- [http-nio-8080-exec-5] c.i.p.c.DepartmentController             : ++++++++++++++++ Exception occurred: For queries with named parameters you need to use provide names for method parameters. Use @Param for query method parameters, or when on Java 8+ use the javac flag -parameters.; nested exception is java.lang.IllegalStateException: For queries with named parameters you need to use provide names for method parameters. Use @Param for query method parameters, or when on Java 8+ use the javac flag -parameters.
2019-11-23 21:39:48.274  INFO 8728 --- [http-nio-8080-exec-7] c.i.p.c.UserController                   : ################ /project/users/LogIn started.
2019-11-23 21:39:48.274  INFO 8728 --- [http-nio-8080-exec-7] c.i.p.c.UserController                   : Logged username: admin
2019-11-23 21:39:48.278  INFO 8728 --- [http-nio-8080-exec-7] c.i.p.c.UserController                   : ---------------- LogIn finished OK.
2019-11-23 21:39:48.869  INFO 8728 --- [http-nio-8080-exec-9] c.i.p.c.AdminController                  : ################ /project/admin/getLoggedAdmin started.
2019-11-23 21:39:48.869  INFO 8728 --- [http-nio-8080-exec-9] c.i.p.c.AdminController                  : Logged username: admin
2019-11-23 21:39:48.874 ERROR 8728 --- [http-nio-8080-exec-9] c.i.p.c.AdminController                  : ++++++++++++++++ Exception occurred: For queries with named parameters you need to use provide names for method parameters. Use @Param for query method parameters, or when on Java 8+ use the javac flag -parameters.; nested exception is java.lang.IllegalStateException: For queries with named parameters you need to use provide names for method parameters. Use @Param for query method parameters, or when on Java 8+ use the javac flag -parameters.
2019-11-23 21:39:52.025  INFO 8728 --- [http-nio-8080-exec-1] c.i.p.c.AdminController                  : ################ /project/admin/getAllWithUserAccount started.
2019-11-23 21:39:52.025  INFO 8728 --- [http-nio-8080-exec-1] c.i.p.c.AdminController                  : Logged username: admin
2019-11-23 21:39:52.046  INFO 8728 --- [http-nio-8080-exec-1] c.i.p.c.AdminController                  : ---------------- Finished OK.
2019-11-23 21:41:09.918  INFO 8728 --- [Thread-15] o.s.s.c.ThreadPoolTaskExecutor           : Shutting down ExecutorService 'applicationTaskExecutor'
2019-11-23 21:41:09.921  INFO 8728 --- [Thread-15] j.LocalContainerEntityManagerFactoryBean : Closing JPA EntityManagerFactory for persistence unit 'default'
2019-11-23 21:41:09.923  INFO 8728 --- [Thread-15] c.z.h.HikariDataSource                   : HikariPool-2 - Shutdown initiated...
2019-11-23 21:41:09.938  INFO 8728 --- [Thread-15] c.z.h.HikariDataSource                   : HikariPool-2 - Shutdown completed.
2019-11-23 21:41:10.654  INFO 8728 --- [restartedMain] c.i.p.ProjekatZaKrajApplication          : Starting ProjekatZaKrajApplication on DESKTOP-SUE0IVS with PID 8728 (C:\Users\draku\git\e-SchoolRegister\server\target\classes started by draku in C:\Users\draku\git\e-SchoolRegister\server)
2019-11-23 21:41:10.655  INFO 8728 --- [restartedMain] c.i.p.ProjekatZaKrajApplication          : No active profile set, falling back to default profiles: default
2019-11-23 21:41:11.267  INFO 8728 --- [restartedMain] .s.d.r.c.RepositoryConfigurationDelegate : Bootstrapping Spring Data repositories in DEFAULT mode.
2019-11-23 21:41:11.392  INFO 8728 --- [restartedMain] .s.d.r.c.RepositoryConfigurationDelegate : Finished Spring Data repository scanning in 125ms. Found 16 repository interfaces.
2019-11-23 21:41:11.489  INFO 8728 --- [restartedMain] trationDelegate$BeanPostProcessorChecker : Bean 'org.springframework.transaction.annotation.ProxyTransactionManagementConfiguration' of type [org.springframework.transaction.annotation.ProxyTransactionManagementConfiguration$$EnhancerBySpringCGLIB$$d5844d] is not eligible for getting processed by all BeanPostProcessors (for example: not eligible for auto-proxying)
2019-11-23 21:41:11.491  INFO 8728 --- [restartedMain] trationDelegate$BeanPostProcessorChecker : Bean 'org.springframework.security.config.annotation.configuration.ObjectPostProcessorConfiguration' of type [org.springframework.security.config.annotation.configuration.ObjectPostProcessorConfiguration$$EnhancerBySpringCGLIB$$99834c87] is not eligible for getting processed by all BeanPostProcessors (for example: not eligible for auto-proxying)
2019-11-23 21:41:11.493  INFO 8728 --- [restartedMain] trationDelegate$BeanPostProcessorChecker : Bean 'objectPostProcessor' of type [org.springframework.security.config.annotation.configuration.AutowireBeanFactoryObjectPostProcessor] is not eligible for getting processed by all BeanPostProcessors (for example: not eligible for auto-proxying)
2019-11-23 21:41:11.494  INFO 8728 --- [restartedMain] trationDelegate$BeanPostProcessorChecker : Bean 'org.springframework.security.access.expression.method.DefaultMethodSecurityExpressionHandler@14c792f8' of type [org.springframework.security.access.expression.method.DefaultMethodSecurityExpressionHandler] is not eligible for getting processed by all BeanPostProcessors (for example: not eligible for auto-proxying)
2019-11-23 21:41:11.496  INFO 8728 --- [restartedMain] trationDelegate$BeanPostProcessorChecker : Bean 'org.springframework.security.config.annotation.method.configuration.GlobalMethodSecurityConfiguration' of type [org.springframework.security.config.annotation.method.configuration.GlobalMethodSecurityConfiguration$$EnhancerBySpringCGLIB$$be57ef39] is not eligible for getting processed by all BeanPostProcessors (for example: not eligible for auto-proxying)
2019-11-23 21:41:11.497  INFO 8728 --- [restartedMain] trationDelegate$BeanPostProcessorChecker : Bean 'methodSecurityMetadataSource' of type [org.springframework.security.access.method.DelegatingMethodSecurityMetadataSource] is not eligible for getting processed by all BeanPostProcessors (for example: not eligible for auto-proxying)
2019-11-23 21:41:11.721  INFO 8728 --- [restartedMain] o.s.b.w.e.t.TomcatWebServer              : Tomcat initialized with port(s): 8080 (http)
2019-11-23 21:41:11.722  INFO 8728 --- [restartedMain] o.a.c.c.StandardService                  : Starting service [Tomcat]
2019-11-23 21:41:11.722  INFO 8728 --- [restartedMain] o.a.c.c.StandardEngine                   : Starting Servlet engine: [Apache Tomcat/9.0.17]
2019-11-23 21:41:11.741  INFO 8728 --- [restartedMain] o.a.c.c.C.[.[.[/]                        : Initializing Spring embedded WebApplicationContext
2019-11-23 21:41:11.741  INFO 8728 --- [restartedMain] o.s.w.c.ContextLoader                    : Root WebApplicationContext: initialization completed in 1083 ms
2019-11-23 21:41:11.822  INFO 8728 --- [restartedMain] c.z.h.HikariDataSource                   : HikariPool-3 - Starting...
2019-11-23 21:41:11.822  WARN 8728 --- [restartedMain] c.z.h.u.DriverDataSource                 : Registered driver with driverClassName=com.mysql.jdbc.Driver was not found, trying direct instantiation.
2019-11-23 21:41:11.837  INFO 8728 --- [restartedMain] c.z.h.HikariDataSource                   : HikariPool-3 - Start completed.
2019-11-23 21:41:26.190  INFO 8728 --- [restartedMain] j.LocalContainerEntityManagerFactoryBean : Initialized JPA EntityManagerFactory for persistence unit 'default'
2019-11-23 21:41:26.220  INFO 8728 --- [restartedMain] o.s.b.d.a.OptionalLiveReloadServer       : LiveReload server is running on port 35729
2019-11-23 21:41:27.060  WARN 8728 --- [restartedMain] aWebConfiguration$JpaWebMvcConfiguration : spring.jpa.open-in-view is enabled by default. Therefore, database queries may be performed during view rendering. Explicitly configure spring.jpa.open-in-view to disable this warning
2019-11-23 21:41:27.146  INFO 8728 --- [restartedMain] o.s.s.w.DefaultSecurityFilterChain       : Creating filter chain: any request, [org.springframework.security.web.context.request.async.WebAsyncManagerIntegrationFilter@2694f67c, org.springframework.security.web.context.SecurityContextPersistenceFilter@6473d04c, org.springframework.security.web.header.HeaderWriterFilter@84327bd, org.springframework.web.filter.CorsFilter@4252e004, org.springframework.security.web.authentication.logout.LogoutFilter@1df6ac07, org.springframework.security.web.authentication.www.BasicAuthenticationFilter@79af8ccd, org.springframework.security.web.savedrequest.RequestCacheAwareFilter@496ade45, org.springframework.security.web.servletapi.SecurityContextHolderAwareRequestFilter@5885661a, org.springframework.security.web.authentication.AnonymousAuthenticationFilter@71c5d894, org.springframework.security.web.session.SessionManagementFilter@889b7ea, org.springframework.security.web.access.ExceptionTranslationFilter@c5ae21, org.springframework.security.web.access.intercept.FilterSecurityInterceptor@2482f4de]
2019-11-23 21:41:27.227  INFO 8728 --- [restartedMain] o.s.s.c.ThreadPoolTaskExecutor           : Initializing ExecutorService 'applicationTaskExecutor'
2019-11-23 21:41:27.392  INFO 8728 --- [restartedMain] o.s.b.w.e.t.TomcatWebServer              : Tomcat started on port(s): 8080 (http) with context path ''
2019-11-23 21:41:27.393  INFO 8728 --- [restartedMain] c.i.p.ProjekatZaKrajApplication          : Started ProjekatZaKrajApplication in 16.79 seconds (JVM running for 589.894)
2019-11-23 21:41:27.398  INFO 8728 --- [restartedMain] .ConditionEvaluationDeltaLoggingListener : Condition evaluation unchanged
2019-11-23 21:42:25.113  INFO 8728 --- [Thread-23] o.s.s.c.ThreadPoolTaskExecutor           : Shutting down ExecutorService 'applicationTaskExecutor'
2019-11-23 21:42:25.119  INFO 8728 --- [Thread-23] j.LocalContainerEntityManagerFactoryBean : Closing JPA EntityManagerFactory for persistence unit 'default'
2019-11-23 21:42:25.120  INFO 8728 --- [Thread-23] c.z.h.HikariDataSource                   : HikariPool-3 - Shutdown initiated...
2019-11-23 21:42:25.159  INFO 8728 --- [Thread-23] c.z.h.HikariDataSource                   : HikariPool-3 - Shutdown completed.
2019-11-23 21:42:25.838  INFO 8728 --- [restartedMain] c.i.p.ProjekatZaKrajApplication          : Starting ProjekatZaKrajApplication on DESKTOP-SUE0IVS with PID 8728 (C:\Users\draku\git\e-SchoolRegister\server\target\classes started by draku in C:\Users\draku\git\e-SchoolRegister\server)
2019-11-23 21:42:25.838  INFO 8728 --- [restartedMain] c.i.p.ProjekatZaKrajApplication          : No active profile set, falling back to default profiles: default
2019-11-23 21:42:26.454  INFO 8728 --- [restartedMain] .s.d.r.c.RepositoryConfigurationDelegate : Bootstrapping Spring Data repositories in DEFAULT mode.
2019-11-23 21:42:26.578  INFO 8728 --- [restartedMain] .s.d.r.c.RepositoryConfigurationDelegate : Finished Spring Data repository scanning in 124ms. Found 16 repository interfaces.
2019-11-23 21:42:26.676  INFO 8728 --- [restartedMain] trationDelegate$BeanPostProcessorChecker : Bean 'org.springframework.transaction.annotation.ProxyTransactionManagementConfiguration' of type [org.springframework.transaction.annotation.ProxyTransactionManagementConfiguration$$EnhancerBySpringCGLIB$$d5844d] is not eligible for getting processed by all BeanPostProcessors (for example: not eligible for auto-proxying)
2019-11-23 21:42:26.679  INFO 8728 --- [restartedMain] trationDelegate$BeanPostProcessorChecker : Bean 'org.springframework.security.config.annotation.configuration.ObjectPostProcessorConfiguration' of type [org.springframework.security.config.annotation.configuration.ObjectPostProcessorConfiguration$$EnhancerBySpringCGLIB$$99834c87] is not eligible for getting processed by all BeanPostProcessors (for example: not eligible for auto-proxying)
2019-11-23 21:42:26.681  INFO 8728 --- [restartedMain] trationDelegate$BeanPostProcessorChecker : Bean 'objectPostProcessor' of type [org.springframework.security.config.annotation.configuration.AutowireBeanFactoryObjectPostProcessor] is not eligible for getting processed by all BeanPostProcessors (for example: not eligible for auto-proxying)
2019-11-23 21:42:26.681  INFO 8728 --- [restartedMain] trationDelegate$BeanPostProcessorChecker : Bean 'org.springframework.security.access.expression.method.DefaultMethodSecurityExpressionHandler@25af893f' of type [org.springframework.security.access.expression.method.DefaultMethodSecurityExpressionHandler] is not eligible for getting processed by all BeanPostProcessors (for example: not eligible for auto-proxying)
2019-11-23 21:42:26.684  INFO 8728 --- [restartedMain] trationDelegate$BeanPostProcessorChecker : Bean 'org.springframework.security.config.annotation.method.configuration.GlobalMethodSecurityConfiguration' of type [org.springframework.security.config.annotation.method.configuration.GlobalMethodSecurityConfiguration$$EnhancerBySpringCGLIB$$be57ef39] is not eligible for getting processed by all BeanPostProcessors (for example: not eligible for auto-proxying)
2019-11-23 21:42:26.685  INFO 8728 --- [restartedMain] trationDelegate$BeanPostProcessorChecker : Bean 'methodSecurityMetadataSource' of type [org.springframework.security.access.method.DelegatingMethodSecurityMetadataSource] is not eligible for getting processed by all BeanPostProcessors (for example: not eligible for auto-proxying)
2019-11-23 21:42:26.904  INFO 8728 --- [restartedMain] o.s.b.w.e.t.TomcatWebServer              : Tomcat initialized with port(s): 8080 (http)
2019-11-23 21:42:26.906  INFO 8728 --- [restartedMain] o.a.c.c.StandardService                  : Starting service [Tomcat]
2019-11-23 21:42:26.906  INFO 8728 --- [restartedMain] o.a.c.c.StandardEngine                   : Starting Servlet engine: [Apache Tomcat/9.0.17]
2019-11-23 21:42:26.934  INFO 8728 --- [restartedMain] o.a.c.c.C.[.[.[/]                        : Initializing Spring embedded WebApplicationContext
2019-11-23 21:42:26.934  INFO 8728 --- [restartedMain] o.s.w.c.ContextLoader                    : Root WebApplicationContext: initialization completed in 1092 ms
2019-11-23 21:42:27.024  INFO 8728 --- [restartedMain] c.z.h.HikariDataSource                   : HikariPool-4 - Starting...
2019-11-23 21:42:27.025  WARN 8728 --- [restartedMain] c.z.h.u.DriverDataSource                 : Registered driver with driverClassName=com.mysql.jdbc.Driver was not found, trying direct instantiation.
2019-11-23 21:42:27.038  INFO 8728 --- [restartedMain] c.z.h.HikariDataSource                   : HikariPool-4 - Start completed.
2019-11-23 21:42:40.799  INFO 8728 --- [restartedMain] j.LocalContainerEntityManagerFactoryBean : Initialized JPA EntityManagerFactory for persistence unit 'default'
2019-11-23 21:42:40.821  INFO 8728 --- [restartedMain] o.s.b.d.a.OptionalLiveReloadServer       : LiveReload server is running on port 35729
2019-11-23 21:42:41.558  WARN 8728 --- [restartedMain] aWebConfiguration$JpaWebMvcConfiguration : spring.jpa.open-in-view is enabled by default. Therefore, database queries may be performed during view rendering. Explicitly configure spring.jpa.open-in-view to disable this warning
2019-11-23 21:42:41.644  INFO 8728 --- [restartedMain] o.s.s.w.DefaultSecurityFilterChain       : Creating filter chain: any request, [org.springframework.security.web.context.request.async.WebAsyncManagerIntegrationFilter@24071235, org.springframework.security.web.context.SecurityContextPersistenceFilter@b62cf5f, org.springframework.security.web.header.HeaderWriterFilter@3db50c0f, org.springframework.web.filter.CorsFilter@241bb225, org.springframework.security.web.authentication.logout.LogoutFilter@327458a9, org.springframework.security.web.authentication.www.BasicAuthenticationFilter@3e395355, org.springframework.security.web.savedrequest.RequestCacheAwareFilter@9b63999, org.springframework.security.web.servletapi.SecurityContextHolderAwareRequestFilter@1cf699d4, org.springframework.security.web.authentication.AnonymousAuthenticationFilter@590d6e1d, org.springframework.security.web.session.SessionManagementFilter@4e9c161d, org.springframework.security.web.access.ExceptionTranslationFilter@711e691b, org.springframework.security.web.access.intercept.FilterSecurityInterceptor@46777388]
2019-11-23 21:42:41.738  INFO 8728 --- [restartedMain] o.s.s.c.ThreadPoolTaskExecutor           : Initializing ExecutorService 'applicationTaskExecutor'
2019-11-23 21:42:41.928  INFO 8728 --- [restartedMain] o.s.b.w.e.t.TomcatWebServer              : Tomcat started on port(s): 8080 (http) with context path ''
2019-11-23 21:42:41.937  INFO 8728 --- [restartedMain] c.i.p.ProjekatZaKrajApplication          : Started ProjekatZaKrajApplication in 16.153 seconds (JVM running for 664.43)
2019-11-23 21:42:41.945  INFO 8728 --- [restartedMain] .ConditionEvaluationDeltaLoggingListener : Condition evaluation unchanged
2019-11-23 21:42:56.775  INFO 8728 --- [RMI TCP Connection(29)-127.0.0.1] inMXBeanRegistrar$SpringApplicationAdmin : Application shutdown requested.
2019-11-23 21:42:56.780  INFO 8728 --- [RMI TCP Connection(29)-127.0.0.1] o.s.s.c.ThreadPoolTaskExecutor           : Shutting down ExecutorService 'applicationTaskExecutor'
2019-11-23 21:42:56.784  INFO 8728 --- [RMI TCP Connection(29)-127.0.0.1] j.LocalContainerEntityManagerFactoryBean : Closing JPA EntityManagerFactory for persistence unit 'default'
2019-11-23 21:42:56.786  INFO 8728 --- [RMI TCP Connection(29)-127.0.0.1] c.z.h.HikariDataSource                   : HikariPool-4 - Shutdown initiated...
2019-11-23 21:42:56.802  INFO 8728 --- [RMI TCP Connection(29)-127.0.0.1] c.z.h.HikariDataSource                   : HikariPool-4 - Shutdown completed.
2019-11-23 22:59:06.134  INFO 3728 --- [restartedMain] c.i.p.ProjekatZaKrajApplication          : Starting ProjekatZaKrajApplication on DESKTOP-SUE0IVS with PID 3728 (C:\Users\draku\git\e-SchoolRegister\server\target\classes started by draku in C:\Users\draku\git\e-SchoolRegister\server)
2019-11-23 22:59:06.141  INFO 3728 --- [restartedMain] c.i.p.ProjekatZaKrajApplication          : No active profile set, falling back to default profiles: default
2019-11-23 22:59:06.246  INFO 3728 --- [restartedMain] .e.DevToolsPropertyDefaultsPostProcessor : Devtools property defaults active! Set 'spring.devtools.add-properties' to 'false' to disable
2019-11-23 22:59:06.247  INFO 3728 --- [restartedMain] .e.DevToolsPropertyDefaultsPostProcessor : For additional web related logging consider setting the 'logging.level.web' property to 'DEBUG'
2019-11-23 22:59:07.469  INFO 3728 --- [restartedMain] .s.d.r.c.RepositoryConfigurationDelegate : Bootstrapping Spring Data repositories in DEFAULT mode.
2019-11-23 22:59:07.717  INFO 3728 --- [restartedMain] .s.d.r.c.RepositoryConfigurationDelegate : Finished Spring Data repository scanning in 235ms. Found 16 repository interfaces.
2019-11-23 22:59:08.187  INFO 3728 --- [restartedMain] trationDelegate$BeanPostProcessorChecker : Bean 'org.springframework.transaction.annotation.ProxyTransactionManagementConfiguration' of type [org.springframework.transaction.annotation.ProxyTransactionManagementConfiguration$$EnhancerBySpringCGLIB$$d7a1738f] is not eligible for getting processed by all BeanPostProcessors (for example: not eligible for auto-proxying)
2019-11-23 22:59:08.232  INFO 3728 --- [restartedMain] trationDelegate$BeanPostProcessorChecker : Bean 'org.springframework.security.config.annotation.configuration.ObjectPostProcessorConfiguration' of type [org.springframework.security.config.annotation.configuration.ObjectPostProcessorConfiguration$$EnhancerBySpringCGLIB$$704f3bc9] is not eligible for getting processed by all BeanPostProcessors (for example: not eligible for auto-proxying)
2019-11-23 22:59:08.238  INFO 3728 --- [restartedMain] trationDelegate$BeanPostProcessorChecker : Bean 'objectPostProcessor' of type [org.springframework.security.config.annotation.configuration.AutowireBeanFactoryObjectPostProcessor] is not eligible for getting processed by all BeanPostProcessors (for example: not eligible for auto-proxying)
2019-11-23 22:59:08.242  INFO 3728 --- [restartedMain] trationDelegate$BeanPostProcessorChecker : Bean 'org.springframework.security.access.expression.method.DefaultMethodSecurityExpressionHandler@c9af2e0' of type [org.springframework.security.access.expression.method.DefaultMethodSecurityExpressionHandler] is not eligible for getting processed by all BeanPostProcessors (for example: not eligible for auto-proxying)
2019-11-23 22:59:08.246  INFO 3728 --- [restartedMain] trationDelegate$BeanPostProcessorChecker : Bean 'org.springframework.security.config.annotation.method.configuration.GlobalMethodSecurityConfiguration' of type [org.springframework.security.config.annotation.method.configuration.GlobalMethodSecurityConfiguration$$EnhancerBySpringCGLIB$$9523de7b] is not eligible for getting processed by all BeanPostProcessors (for example: not eligible for auto-proxying)
2019-11-23 22:59:08.254  INFO 3728 --- [restartedMain] trationDelegate$BeanPostProcessorChecker : Bean 'methodSecurityMetadataSource' of type [org.springframework.security.access.method.DelegatingMethodSecurityMetadataSource] is not eligible for getting processed by all BeanPostProcessors (for example: not eligible for auto-proxying)
2019-11-23 22:59:08.734  INFO 3728 --- [restartedMain] o.s.b.w.e.t.TomcatWebServer              : Tomcat initialized with port(s): 8080 (http)
2019-11-23 22:59:08.765  INFO 3728 --- [restartedMain] o.a.c.c.StandardService                  : Starting service [Tomcat]
2019-11-23 22:59:08.766  INFO 3728 --- [restartedMain] o.a.c.c.StandardEngine                   : Starting Servlet engine: [Apache Tomcat/9.0.17]
2019-11-23 22:59:08.959  INFO 3728 --- [restartedMain] o.a.c.c.C.[.[.[/]                        : Initializing Spring embedded WebApplicationContext
2019-11-23 22:59:08.960  INFO 3728 --- [restartedMain] o.s.w.c.ContextLoader                    : Root WebApplicationContext: initialization completed in 2713 ms
2019-11-23 22:59:09.334  INFO 3728 --- [restartedMain] c.z.h.HikariDataSource                   : HikariPool-1 - Starting...
2019-11-23 22:59:09.337  WARN 3728 --- [restartedMain] c.z.h.u.DriverDataSource                 : Registered driver with driverClassName=com.mysql.jdbc.Driver was not found, trying direct instantiation.
2019-11-23 22:59:10.094  INFO 3728 --- [restartedMain] c.z.h.HikariDataSource                   : HikariPool-1 - Start completed.
2019-11-23 22:59:27.681  INFO 3728 --- [restartedMain] j.LocalContainerEntityManagerFactoryBean : Initialized JPA EntityManagerFactory for persistence unit 'default'
2019-11-23 22:59:27.745  INFO 3728 --- [restartedMain] o.s.b.d.a.OptionalLiveReloadServer       : LiveReload server is running on port 35729
2019-11-23 22:59:29.815  WARN 3728 --- [restartedMain] aWebConfiguration$JpaWebMvcConfiguration : spring.jpa.open-in-view is enabled by default. Therefore, database queries may be performed during view rendering. Explicitly configure spring.jpa.open-in-view to disable this warning
2019-11-23 22:59:29.999  INFO 3728 --- [restartedMain] o.s.s.w.DefaultSecurityFilterChain       : Creating filter chain: any request, [org.springframework.security.web.context.request.async.WebAsyncManagerIntegrationFilter@dc52332, org.springframework.security.web.context.SecurityContextPersistenceFilter@5034d90f, org.springframework.security.web.header.HeaderWriterFilter@48c111b9, org.springframework.web.filter.CorsFilter@5285eb2b, org.springframework.security.web.authentication.logout.LogoutFilter@619e5003, org.springframework.security.web.authentication.www.BasicAuthenticationFilter@76b60595, org.springframework.security.web.savedrequest.RequestCacheAwareFilter@68520621, org.springframework.security.web.servletapi.SecurityContextHolderAwareRequestFilter@765e24ff, org.springframework.security.web.authentication.AnonymousAuthenticationFilter@2a9f49f3, org.springframework.security.web.session.SessionManagementFilter@2a08861d, org.springframework.security.web.access.ExceptionTranslationFilter@2c5932c5, org.springframework.security.web.access.intercept.FilterSecurityInterceptor@d6f6b44]
2019-11-23 22:59:30.243  INFO 3728 --- [restartedMain] o.s.s.c.ThreadPoolTaskExecutor           : Initializing ExecutorService 'applicationTaskExecutor'
2019-11-23 22:59:30.577  INFO 3728 --- [restartedMain] o.s.b.w.e.t.TomcatWebServer              : Tomcat started on port(s): 8080 (http) with context path ''
2019-11-23 22:59:30.581  INFO 3728 --- [restartedMain] c.i.p.ProjekatZaKrajApplication          : Started ProjekatZaKrajApplication in 24.935 seconds (JVM running for 26.467)
2019-11-23 23:02:28.902  INFO 3728 --- [http-nio-8080-exec-1] o.a.c.c.C.[.[.[/]                        : Initializing Spring DispatcherServlet 'dispatcherServlet'
2019-11-23 23:02:28.902  INFO 3728 --- [http-nio-8080-exec-1] o.s.w.s.DispatcherServlet                : Initializing Servlet 'dispatcherServlet'
2019-11-23 23:02:28.917  INFO 3728 --- [http-nio-8080-exec-1] o.s.w.s.DispatcherServlet                : Completed initialization in 14 ms
2019-11-23 23:02:29.293  INFO 3728 --- [http-nio-8080-exec-2] c.i.p.c.UserController                   : ################ /project/users/LogIn started.
2019-11-23 23:02:29.294  INFO 3728 --- [http-nio-8080-exec-2] c.i.p.c.UserController                   : Logged username: admin
2019-11-23 23:02:29.359  INFO 3728 --- [http-nio-8080-exec-2] c.i.p.c.UserController                   : ---------------- LogIn finished OK.
2019-11-23 23:02:30.371  INFO 3728 --- [http-nio-8080-exec-4] c.i.p.c.AdminController                  : ################ /project/admin/getLoggedAdmin started.
2019-11-23 23:02:30.372  INFO 3728 --- [http-nio-8080-exec-4] c.i.p.c.AdminController                  : Logged username: admin
2019-11-23 23:02:30.382  INFO 3728 --- [http-nio-8080-exec-4] c.i.p.c.AdminController                  : Logged user identified.
2019-11-23 23:02:30.386  INFO 3728 --- [http-nio-8080-exec-4] c.i.p.c.AdminController                  : ---------------- Finished OK.
2019-11-23 23:02:32.190  INFO 3728 --- [http-nio-8080-exec-6] c.i.p.c.AdminController                  : ################ /project/admin/getAllWithUserAccount started.
2019-11-23 23:02:32.190  INFO 3728 --- [http-nio-8080-exec-6] c.i.p.c.AdminController                  : Logged username: admin
2019-11-23 23:02:32.204  INFO 3728 --- [http-nio-8080-exec-6] c.i.p.c.AdminController                  : ---------------- Finished OK.
2019-11-23 23:02:33.498  INFO 3728 --- [http-nio-8080-exec-8] c.i.p.c.TeacherController                : ################ /project/teacher/withaccount/getAllWithUserAccount started.
2019-11-23 23:02:33.499  INFO 3728 --- [http-nio-8080-exec-8] c.i.p.c.TeacherController                : Logged username: admin
2019-11-23 23:02:33.736  INFO 3728 --- [http-nio-8080-exec-8] c.i.p.c.TeacherController                : ---------------- Finished OK.
2019-11-23 23:02:34.133  INFO 3728 --- [http-nio-8080-exec-10] c.i.p.c.SubjectController                : ################ /project/subjects/getAll started.
2019-11-23 23:02:34.133  INFO 3728 --- [http-nio-8080-exec-10] c.i.p.c.SubjectController                : Logged user: admin
2019-11-23 23:02:34.171  INFO 3728 --- [http-nio-8080-exec-10] c.i.p.c.SubjectController                : ---------------- Finished OK.
2019-11-23 23:02:35.540  INFO 3728 --- [http-nio-8080-exec-2] c.i.p.c.ParentController                 : ################ /project/parent/withaccount/getAllWithUserAccount started.
2019-11-23 23:02:35.541  INFO 3728 --- [http-nio-8080-exec-2] c.i.p.c.ParentController                 : Logged username: admin
2019-11-23 23:02:35.653  INFO 3728 --- [http-nio-8080-exec-2] c.i.p.c.ParentController                 : ---------------- Finished OK.
2019-11-23 23:02:35.887  INFO 3728 --- [http-nio-8080-exec-4] c.i.p.c.StudentController                : ################ /project/student/getAll started.
2019-11-23 23:02:35.887  INFO 3728 --- [http-nio-8080-exec-4] c.i.p.c.StudentController                : Logged username: admin
2019-11-23 23:02:35.896  INFO 3728 --- [http-nio-8080-exec-4] c.i.p.c.StudentController                : ---------------- Finished OK.
2019-11-23 23:02:37.087  INFO 3728 --- [http-nio-8080-exec-6] c.i.p.c.StudentController                : ################ /project/student/getAllWithUserAccountAndDepartmentAndClass started.
2019-11-23 23:02:37.087  INFO 3728 --- [http-nio-8080-exec-6] c.i.p.c.StudentController                : Logged username: admin
2019-11-23 23:02:37.164  INFO 3728 --- [http-nio-8080-exec-6] c.i.p.c.StudentController                : ---------------- Finished OK.
2019-11-23 23:02:37.430  INFO 3728 --- [http-nio-8080-exec-8] c.i.p.c.DepartmentController             : ################ /project/department/getAllWithClass started.
2019-11-23 23:02:37.431  INFO 3728 --- [http-nio-8080-exec-8] c.i.p.c.DepartmentController             : Logged user: admin
2019-11-23 23:02:37.443  INFO 3728 --- [http-nio-8080-exec-8] c.i.p.c.DepartmentController             : ---------------- Finished OK.
2019-11-23 23:02:37.630  INFO 3728 --- [http-nio-8080-exec-10] c.i.p.c.StudentController                : ################ /project/student/getAllWithUserAccount started.
2019-11-23 23:02:37.630  INFO 3728 --- [http-nio-8080-exec-10] c.i.p.c.StudentController                : Logged username: admin
2019-11-23 23:02:37.701  INFO 3728 --- [http-nio-8080-exec-10] c.i.p.c.StudentController                : ---------------- Finished OK.
2019-11-23 23:02:39.008  INFO 3728 --- [http-nio-8080-exec-2] c.i.p.c.ClassController                  : ################ /project/class/getAll started.
2019-11-23 23:02:39.008  INFO 3728 --- [http-nio-8080-exec-2] c.i.p.c.ClassController                  : Logged user: admin
2019-11-23 23:02:39.012  INFO 3728 --- [http-nio-8080-exec-2] c.i.p.c.ClassController                  : ---------------- Finished OK.
2019-11-23 23:02:40.384  INFO 3728 --- [http-nio-8080-exec-3] c.i.p.c.DepartmentController             : ################ /project/department/getAllWithClass started.
2019-11-23 23:02:40.385  INFO 3728 --- [http-nio-8080-exec-3] c.i.p.c.DepartmentController             : Logged user: admin
2019-11-23 23:02:40.395  INFO 3728 --- [http-nio-8080-exec-3] c.i.p.c.DepartmentController             : ---------------- Finished OK.
2019-11-23 23:02:40.566  INFO 3728 --- [http-nio-8080-exec-4] c.i.p.c.ClassController                  : ################ /project/class/getAll started.
2019-11-23 23:02:40.567  INFO 3728 --- [http-nio-8080-exec-4] c.i.p.c.ClassController                  : Logged user: admin
2019-11-23 23:02:40.570  INFO 3728 --- [http-nio-8080-exec-4] c.i.p.c.ClassController                  : ---------------- Finished OK.
2019-11-23 23:02:40.781  INFO 3728 --- [http-nio-8080-exec-6] c.i.p.c.DepartmentController             : ################ /project/department/getAll started.
2019-11-23 23:02:40.781  INFO 3728 --- [http-nio-8080-exec-6] c.i.p.c.DepartmentController             : Logged user: admin
2019-11-23 23:02:40.787  INFO 3728 --- [http-nio-8080-exec-6] c.i.p.c.DepartmentController             : ---------------- Finished OK.
2019-11-23 23:02:41.728  INFO 3728 --- [http-nio-8080-exec-7] c.i.p.c.SubjectController                : ################ /project/subjects/getAll started.
2019-11-23 23:02:41.728  INFO 3728 --- [http-nio-8080-exec-7] c.i.p.c.SubjectController                : Logged user: admin
2019-11-23 23:02:41.754  INFO 3728 --- [http-nio-8080-exec-7] c.i.p.c.SubjectController                : ---------------- Finished OK.
2019-11-23 23:02:41.970  INFO 3728 --- [http-nio-8080-exec-8] c.i.p.c.ClassController                  : ################ /project/class/getAll started.
2019-11-23 23:02:41.971  INFO 3728 --- [http-nio-8080-exec-8] c.i.p.c.ClassController                  : Logged user: admin
2019-11-23 23:02:41.973  INFO 3728 --- [http-nio-8080-exec-8] c.i.p.c.ClassController                  : ---------------- Finished OK.
2019-11-23 23:02:43.007  INFO 3728 --- [http-nio-8080-exec-10] c.i.p.c.GradeController                  : ################ /project/grades/getAll started.
2019-11-23 23:02:43.007  INFO 3728 --- [http-nio-8080-exec-10] c.i.p.c.GradeController                  : Logged user: admin
2019-11-23 23:02:43.018  INFO 3728 --- [http-nio-8080-exec-10] c.i.p.c.GradeController                  : ---------------- Finished OK.
2019-11-23 23:02:43.386  INFO 3728 --- [http-nio-8080-exec-2] c.i.p.c.SubjectController                : ################ /project/subjects/admin/students/getAllWithStudents started.
2019-11-23 23:02:43.386  INFO 3728 --- [http-nio-8080-exec-2] c.i.p.c.SubjectController                : Logged user: admin
2019-11-23 23:02:43.387  INFO 3728 --- [http-nio-8080-exec-2] c.i.p.c.SubjectController                : Logged user identified.
2019-11-23 23:02:43.404  INFO 3728 --- [http-nio-8080-exec-2] c.i.p.c.SubjectController                : ---------------- Finished OK.
2019-11-23 23:02:51.147  INFO 3728 --- [http-nio-8080-exec-4] c.i.p.c.GradeController                  : ################ /project/grades/{id}/delete started.
2019-11-23 23:02:51.147  INFO 3728 --- [http-nio-8080-exec-4] c.i.p.c.GradeController                  : Logged user: admin
2019-11-23 23:02:51.152  INFO 3728 --- [http-nio-8080-exec-4] c.i.p.c.GradeController                  : Logged user identified.
2019-11-23 23:02:51.154  INFO 3728 --- [http-nio-8080-exec-4] c.i.p.c.GradeController                  : Logged user Access role identified.
2019-11-23 23:02:51.155  INFO 3728 --- [http-nio-8080-exec-4] c.i.p.c.GradeController                  : Teacher identified.
2019-11-23 23:02:52.665 ERROR 3728 --- [http-nio-8080-exec-4] c.i.p.c.GradeController                  : ++++++++++++++++ Exception occurred: Mail server connection failed; nested exception is javax.mail.MessagingException: Could not convert socket to TLS;
  nested exception is:
	javax.net.ssl.SSLHandshakeException: sun.security.validator.ValidatorException: PKIX path building failed: sun.security.provider.certpath.SunCertPathBuilderException: unable to find valid certification path to requested target. Failed messages: javax.mail.MessagingException: Could not convert socket to TLS;
  nested exception is:
	javax.net.ssl.SSLHandshakeException: sun.security.validator.ValidatorException: PKIX path building failed: sun.security.provider.certpath.SunCertPathBuilderException: unable to find valid certification path to requested target
2019-11-23 23:03:12.133  INFO 3728 --- [http-nio-8080-exec-6] c.i.p.c.GradeController                  : ################ /project/grades/{id}/modifyGradeById started.
2019-11-23 23:03:12.133  INFO 3728 --- [http-nio-8080-exec-6] c.i.p.c.GradeController                  : Logged user: admin
2019-11-23 23:03:12.139  INFO 3728 --- [http-nio-8080-exec-6] c.i.p.c.GradeController                  : Logged user identified.
2019-11-23 23:03:12.140  INFO 3728 --- [http-nio-8080-exec-6] c.i.p.c.GradeController                  : Logged user Access role identified.
2019-11-23 23:03:12.142  INFO 3728 --- [http-nio-8080-exec-6] c.i.p.c.GradeController                  : Teacher identified.
2019-11-23 23:03:13.167 ERROR 3728 --- [http-nio-8080-exec-6] c.i.p.c.GradeController                  : ++++++++++++++++ Exception occurred: Authentication failed; nested exception is javax.mail.AuthenticationFailedException: 535-5.7.8 Username and Password not accepted. Learn more at
535 5.7.8  https://support.google.com/mail/?p=BadCredentials r125sm1168206lff.59 - gsmtp

2019-11-23 23:03:40.781  INFO 3728 --- [http-nio-8080-exec-8] c.i.p.c.AdminController                  : ################ /project/admin/getAllWithUserAccount started.
2019-11-23 23:03:40.781  INFO 3728 --- [http-nio-8080-exec-8] c.i.p.c.AdminController                  : Logged username: admin
2019-11-23 23:03:40.787  INFO 3728 --- [http-nio-8080-exec-8] c.i.p.c.AdminController                  : ---------------- Finished OK.
2019-11-23 23:03:42.540  INFO 3728 --- [http-nio-8080-exec-9] c.i.p.c.GradeController                  : ################ /project/grades/getAll started.
2019-11-23 23:03:42.541  INFO 3728 --- [http-nio-8080-exec-9] c.i.p.c.GradeController                  : Logged user: admin
2019-11-23 23:03:42.549  INFO 3728 --- [http-nio-8080-exec-9] c.i.p.c.GradeController                  : ---------------- Finished OK.
2019-11-23 23:03:42.872  INFO 3728 --- [http-nio-8080-exec-10] c.i.p.c.SubjectController                : ################ /project/subjects/admin/students/getAllWithStudents started.
2019-11-23 23:03:42.872  INFO 3728 --- [http-nio-8080-exec-10] c.i.p.c.SubjectController                : Logged user: admin
2019-11-23 23:03:42.873  INFO 3728 --- [http-nio-8080-exec-10] c.i.p.c.SubjectController                : Logged user identified.
2019-11-23 23:03:42.889  INFO 3728 --- [http-nio-8080-exec-10] c.i.p.c.SubjectController                : ---------------- Finished OK.
2019-11-23 23:03:54.203  INFO 3728 --- [http-nio-8080-exec-2] c.i.p.c.AdminController                  : ################ /project/admin/getAllWithUserAccount started.
2019-11-23 23:03:54.203  INFO 3728 --- [http-nio-8080-exec-2] c.i.p.c.AdminController                  : Logged username: admin
2019-11-23 23:03:54.209  INFO 3728 --- [http-nio-8080-exec-2] c.i.p.c.AdminController                  : ---------------- Finished OK.
2019-11-23 23:03:58.458  INFO 3728 --- [http-nio-8080-exec-3] c.i.p.c.AdminController                  : ################ /project/admin/getLoggedAdmin started.
2019-11-23 23:03:58.458  INFO 3728 --- [http-nio-8080-exec-3] c.i.p.c.AdminController                  : Logged username: admin
2019-11-23 23:03:58.461  INFO 3728 --- [http-nio-8080-exec-3] c.i.p.c.AdminController                  : Logged user identified.
2019-11-23 23:03:58.463  INFO 3728 --- [http-nio-8080-exec-3] c.i.p.c.AdminController                  : ---------------- Finished OK.
2019-11-23 23:04:11.270  INFO 3728 --- [http-nio-8080-exec-6] c.i.p.c.UserController                   : ################ /project/users/LogIn started.
2019-11-23 23:04:11.271  INFO 3728 --- [http-nio-8080-exec-6] c.i.p.c.UserController                   : Logged username: student
2019-11-23 23:04:11.273  INFO 3728 --- [http-nio-8080-exec-6] c.i.p.c.UserController                   : ---------------- LogIn finished OK.
2019-11-23 23:04:11.570  INFO 3728 --- [http-nio-8080-exec-8] c.i.p.c.StudentController                : ################ /project/student/getLoggedStudent started.
2019-11-23 23:04:11.570  INFO 3728 --- [http-nio-8080-exec-8] c.i.p.c.StudentController                : Logged username: student
2019-11-23 23:04:11.572  INFO 3728 --- [http-nio-8080-exec-8] c.i.p.c.StudentController                : Logged user identified.
2019-11-23 23:04:11.575  INFO 3728 --- [http-nio-8080-exec-8] c.i.p.c.StudentController                : ---------------- Finished OK.
2019-11-23 23:04:13.062  INFO 3728 --- [http-nio-8080-exec-10] c.i.p.c.GradeController                  : ################ /project/grades/student/getAllStudent started.
2019-11-23 23:04:13.062  INFO 3728 --- [http-nio-8080-exec-10] c.i.p.c.GradeController                  : Logged user: student
2019-11-23 23:04:13.065  INFO 3728 --- [http-nio-8080-exec-10] c.i.p.c.GradeController                  : Logged user identified.
2019-11-23 23:04:13.092  INFO 3728 --- [http-nio-8080-exec-10] c.i.p.c.GradeController                  : ---------------- Finished OK.
2019-11-23 23:04:13.294  INFO 3728 --- [http-nio-8080-exec-2] c.i.p.c.SubjectController                : ################ /project/subjects/student/getAllForStudent started.
2019-11-23 23:04:13.295  INFO 3728 --- [http-nio-8080-exec-2] c.i.p.c.SubjectController                : Logged user: student
2019-11-23 23:04:13.297  INFO 3728 --- [http-nio-8080-exec-2] c.i.p.c.SubjectController                : Logged user identified.
2019-11-23 23:04:13.300  INFO 3728 --- [http-nio-8080-exec-2] c.i.p.c.SubjectController                : ---------------- Finished OK.
2019-11-23 23:04:20.738  INFO 3728 --- [http-nio-8080-exec-3] c.i.p.c.StudentController                : ################ /project/student/getLoggedStudent started.
2019-11-23 23:04:20.739  INFO 3728 --- [http-nio-8080-exec-3] c.i.p.c.StudentController                : Logged username: student
2019-11-23 23:04:20.741  INFO 3728 --- [http-nio-8080-exec-3] c.i.p.c.StudentController                : Logged user identified.
2019-11-23 23:04:20.743  INFO 3728 --- [http-nio-8080-exec-3] c.i.p.c.StudentController                : ---------------- Finished OK.
2019-11-23 23:04:27.749  INFO 3728 --- [http-nio-8080-exec-4] c.i.p.c.UserController                   : ################ /project/users/LogIn started.
2019-11-23 23:04:27.749  INFO 3728 --- [http-nio-8080-exec-4] c.i.p.c.UserController                   : Logged username: parent
2019-11-23 23:04:27.750  INFO 3728 --- [http-nio-8080-exec-4] c.i.p.c.UserController                   : ---------------- LogIn finished OK.
2019-11-23 23:04:28.056  INFO 3728 --- [http-nio-8080-exec-6] c.i.p.c.ParentController                 : ################ /project/parent/getLoggedParent started.
2019-11-23 23:04:28.056  INFO 3728 --- [http-nio-8080-exec-6] c.i.p.c.ParentController                 : Logged username: parent
2019-11-23 23:04:28.058  INFO 3728 --- [http-nio-8080-exec-6] c.i.p.c.ParentController                 : Logged user identified.
2019-11-23 23:04:28.061  INFO 3728 --- [http-nio-8080-exec-6] c.i.p.c.ParentController                 : ---------------- Finished OK.
2019-11-23 23:04:29.490  INFO 3728 --- [http-nio-8080-exec-8] c.i.p.c.GradeController                  : ################ /project/grades/parent/getAllParent started.
2019-11-23 23:04:29.490  INFO 3728 --- [http-nio-8080-exec-8] c.i.p.c.GradeController                  : Logged user: parent
2019-11-23 23:04:29.492  INFO 3728 --- [http-nio-8080-exec-8] c.i.p.c.GradeController                  : Logged user identified.
2019-11-23 23:04:29.526  INFO 3728 --- [http-nio-8080-exec-8] c.i.p.c.GradeController                  : ---------------- Finished OK.
2019-11-23 23:04:29.712  INFO 3728 --- [http-nio-8080-exec-10] c.i.p.c.SubjectController                : ################ /project/subjects/parent/getAllForParent started.
2019-11-23 23:04:29.713  INFO 3728 --- [http-nio-8080-exec-10] c.i.p.c.SubjectController                : Logged user: parent
2019-11-23 23:04:29.715  INFO 3728 --- [http-nio-8080-exec-10] c.i.p.c.SubjectController                : Logged user identified.
2019-11-23 23:04:29.724  INFO 3728 --- [http-nio-8080-exec-10] c.i.p.c.SubjectController                : Lista predmeta za decu.
2019-11-23 23:04:38.527  INFO 3728 --- [http-nio-8080-exec-1] c.i.p.c.ParentController                 : ################ /project/parent/getLoggedParent started.
2019-11-23 23:04:38.527  INFO 3728 --- [http-nio-8080-exec-1] c.i.p.c.ParentController                 : Logged username: parent
2019-11-23 23:04:38.529  INFO 3728 --- [http-nio-8080-exec-1] c.i.p.c.ParentController                 : Logged user identified.
2019-11-23 23:04:38.531  INFO 3728 --- [http-nio-8080-exec-1] c.i.p.c.ParentController                 : ---------------- Finished OK.
2019-11-23 23:04:55.576  INFO 3728 --- [http-nio-8080-exec-2] c.i.p.c.UserController                   : ################ /project/users/LogIn started.
2019-11-23 23:04:55.576  INFO 3728 --- [http-nio-8080-exec-2] c.i.p.c.UserController                   : Logged username: teacher
2019-11-23 23:04:55.578  INFO 3728 --- [http-nio-8080-exec-2] c.i.p.c.UserController                   : ---------------- LogIn finished OK.
2019-11-23 23:04:56.123  INFO 3728 --- [http-nio-8080-exec-4] c.i.p.c.TeacherController                : ################ /project/teacher/getLoggedTeacher started.
2019-11-23 23:04:56.123  INFO 3728 --- [http-nio-8080-exec-4] c.i.p.c.TeacherController                : Logged username: teacher
2019-11-23 23:04:56.125  INFO 3728 --- [http-nio-8080-exec-4] c.i.p.c.TeacherController                : Logged user identified.
2019-11-23 23:04:56.127  INFO 3728 --- [http-nio-8080-exec-4] c.i.p.c.TeacherController                : ---------------- Finished OK.
2019-11-23 23:04:57.776  INFO 3728 --- [http-nio-8080-exec-6] c.i.p.c.SubjectController                : ################ /project/subjects/teacher/getAllForTeacher started.
2019-11-23 23:04:57.776  INFO 3728 --- [http-nio-8080-exec-6] c.i.p.c.SubjectController                : Logged user: teacher
2019-11-23 23:04:57.779  INFO 3728 --- [http-nio-8080-exec-6] c.i.p.c.SubjectController                : Logged user identified.
2019-11-23 23:04:57.785  INFO 3728 --- [http-nio-8080-exec-6] c.i.p.c.SubjectController                : ---------------- Finished OK.
2019-11-23 23:04:58.027  INFO 3728 --- [http-nio-8080-exec-8] c.i.p.c.SubjectController                : ################ /project/subjects/teacher/departments/getAllDepartmentsForTeacher started.
2019-11-23 23:04:58.027  INFO 3728 --- [http-nio-8080-exec-8] c.i.p.c.SubjectController                : Logged user: teacher
2019-11-23 23:04:58.030  INFO 3728 --- [http-nio-8080-exec-8] c.i.p.c.SubjectController                : Logged user identified.
2019-11-23 23:04:58.036  INFO 3728 --- [http-nio-8080-exec-8] c.i.p.c.SubjectController                : ---------------- Finished OK.
2019-11-23 23:05:04.635  INFO 3728 --- [http-nio-8080-exec-10] c.i.p.c.GradeController                  : ################ /project/grades/teacher/getAllTeacher started.
2019-11-23 23:05:04.635  INFO 3728 --- [http-nio-8080-exec-10] c.i.p.c.GradeController                  : Logged user: teacher
2019-11-23 23:05:04.637  INFO 3728 --- [http-nio-8080-exec-10] c.i.p.c.GradeController                  : Logged user identified.
2019-11-23 23:05:04.643  INFO 3728 --- [http-nio-8080-exec-10] c.i.p.c.GradeController                  : ---------------- Finished OK.
2019-11-23 23:05:04.846  INFO 3728 --- [http-nio-8080-exec-2] c.i.p.c.SubjectController                : ################ /project/subjects/teacher/students/getAllForTeacher started.
2019-11-23 23:05:04.846  INFO 3728 --- [http-nio-8080-exec-2] c.i.p.c.SubjectController                : Logged user: teacher
2019-11-23 23:05:04.848  INFO 3728 --- [http-nio-8080-exec-2] c.i.p.c.SubjectController                : Logged user identified.
2019-11-23 23:05:04.853  INFO 3728 --- [http-nio-8080-exec-2] c.i.p.c.SubjectController                : ---------------- Finished OK.
2019-11-23 23:05:12.668  INFO 3728 --- [http-nio-8080-exec-4] c.i.p.c.GradeController                  : ################ /project/grades/{id}/delete started.
2019-11-23 23:05:12.668  INFO 3728 --- [http-nio-8080-exec-4] c.i.p.c.GradeController                  : Logged user: teacher
2019-11-23 23:05:12.671  INFO 3728 --- [http-nio-8080-exec-4] c.i.p.c.GradeController                  : Logged user identified.
2019-11-23 23:05:12.672  INFO 3728 --- [http-nio-8080-exec-4] c.i.p.c.GradeController                  : Logged user Access role identified.
2019-11-23 23:05:12.675  INFO 3728 --- [http-nio-8080-exec-4] c.i.p.c.GradeController                  : ---------------- Teacher doesn't match or time for delete expired.
2019-11-23 23:05:17.344  INFO 3728 --- [http-nio-8080-exec-6] c.i.p.c.GradeController                  : ################ /project/grades/{id}/delete started.
2019-11-23 23:05:17.344  INFO 3728 --- [http-nio-8080-exec-6] c.i.p.c.GradeController                  : Logged user: teacher
2019-11-23 23:05:17.346  INFO 3728 --- [http-nio-8080-exec-6] c.i.p.c.GradeController                  : Logged user identified.
2019-11-23 23:05:17.348  INFO 3728 --- [http-nio-8080-exec-6] c.i.p.c.GradeController                  : Logged user Access role identified.
2019-11-23 23:05:17.350  INFO 3728 --- [http-nio-8080-exec-6] c.i.p.c.GradeController                  : ---------------- Teacher doesn't match or time for delete expired.
2019-11-23 23:05:22.364  INFO 3728 --- [http-nio-8080-exec-7] c.i.p.c.GradeController                  : ################ /project/grades/addNew started.
2019-11-23 23:05:22.364  INFO 3728 --- [http-nio-8080-exec-7] c.i.p.c.GradeController                  : Logged user: teacher
2019-11-23 23:05:22.366  INFO 3728 --- [http-nio-8080-exec-7] c.i.p.c.GradeController                  : Student: 8
2019-11-23 23:05:22.369  INFO 3728 --- [http-nio-8080-exec-7] c.i.p.c.GradeController                  : Subject: 1
2019-11-23 23:05:22.371  INFO 3728 --- [http-nio-8080-exec-7] c.i.p.c.GradeController                  : Logged user identified.
2019-11-23 23:05:22.373  INFO 3728 --- [http-nio-8080-exec-7] c.i.p.c.GradeController                  : Teacher: 3
2019-11-23 23:05:22.375  INFO 3728 --- [http-nio-8080-exec-7] c.i.p.c.GradeController                  : Teacher subject department: 1
2019-11-23 23:05:23.458 ERROR 3728 --- [http-nio-8080-exec-7] c.i.p.c.GradeController                  : ++++++++++++++++ Exception occurred: Authentication failed; nested exception is javax.mail.AuthenticationFailedException: 535-5.7.8 Username and Password not accepted. Learn more at
535 5.7.8  https://support.google.com/mail/?p=BadCredentials u11sm1337234ljo.17 - gsmtp

2019-11-23 23:05:27.554  INFO 3728 --- [http-nio-8080-exec-9] c.i.p.c.SubjectController                : ################ /project/subjects/teacher/getAllForTeacher started.
2019-11-23 23:05:27.554  INFO 3728 --- [http-nio-8080-exec-9] c.i.p.c.SubjectController                : Logged user: teacher
2019-11-23 23:05:27.556  INFO 3728 --- [http-nio-8080-exec-9] c.i.p.c.SubjectController                : Logged user identified.
2019-11-23 23:05:27.560  INFO 3728 --- [http-nio-8080-exec-9] c.i.p.c.SubjectController                : ---------------- Finished OK.
2019-11-23 23:05:27.716  INFO 3728 --- [http-nio-8080-exec-10] c.i.p.c.SubjectController                : ################ /project/subjects/teacher/departments/getAllDepartmentsForTeacher started.
2019-11-23 23:05:27.716  INFO 3728 --- [http-nio-8080-exec-10] c.i.p.c.SubjectController                : Logged user: teacher
2019-11-23 23:05:27.718  INFO 3728 --- [http-nio-8080-exec-10] c.i.p.c.SubjectController                : Logged user identified.
2019-11-23 23:05:27.722  INFO 3728 --- [http-nio-8080-exec-10] c.i.p.c.SubjectController                : ---------------- Finished OK.
2019-11-23 23:05:28.655  INFO 3728 --- [http-nio-8080-exec-2] c.i.p.c.GradeController                  : ################ /project/grades/teacher/getAllTeacher started.
2019-11-23 23:05:28.655  INFO 3728 --- [http-nio-8080-exec-2] c.i.p.c.GradeController                  : Logged user: teacher
2019-11-23 23:05:28.657  INFO 3728 --- [http-nio-8080-exec-2] c.i.p.c.GradeController                  : Logged user identified.
2019-11-23 23:05:28.665  INFO 3728 --- [http-nio-8080-exec-2] c.i.p.c.GradeController                  : ---------------- Finished OK.
2019-11-23 23:05:28.883  INFO 3728 --- [http-nio-8080-exec-3] c.i.p.c.SubjectController                : ################ /project/subjects/teacher/students/getAllForTeacher started.
2019-11-23 23:05:28.883  INFO 3728 --- [http-nio-8080-exec-3] c.i.p.c.SubjectController                : Logged user: teacher
2019-11-23 23:05:28.886  INFO 3728 --- [http-nio-8080-exec-3] c.i.p.c.SubjectController                : Logged user identified.
2019-11-23 23:05:28.891  INFO 3728 --- [http-nio-8080-exec-3] c.i.p.c.SubjectController                : ---------------- Finished OK.
2019-11-23 23:05:42.889  INFO 3728 --- [http-nio-8080-exec-4] c.i.p.c.UserController                   : ################ /project/users/LogIn started.
2019-11-23 23:05:42.889  INFO 3728 --- [http-nio-8080-exec-4] c.i.p.c.UserController                   : Logged username: admin
2019-11-23 23:05:42.891  INFO 3728 --- [http-nio-8080-exec-4] c.i.p.c.UserController                   : ---------------- LogIn finished OK.
2019-11-23 23:05:43.129  INFO 3728 --- [http-nio-8080-exec-5] c.i.p.c.AdminController                  : ################ /project/admin/getLoggedAdmin started.
2019-11-23 23:05:43.129  INFO 3728 --- [http-nio-8080-exec-5] c.i.p.c.AdminController                  : Logged username: admin
2019-11-23 23:05:43.131  INFO 3728 --- [http-nio-8080-exec-5] c.i.p.c.AdminController                  : Logged user identified.
2019-11-23 23:05:43.133  INFO 3728 --- [http-nio-8080-exec-5] c.i.p.c.AdminController                  : ---------------- Finished OK.
2019-11-23 23:05:45.952  INFO 3728 --- [http-nio-8080-exec-7] c.i.p.c.AdminController                  : ################ /project/admin/getAllWithUserAccount started.
2019-11-23 23:05:45.952  INFO 3728 --- [http-nio-8080-exec-7] c.i.p.c.AdminController                  : Logged username: admin
2019-11-23 23:05:45.957  INFO 3728 --- [http-nio-8080-exec-7] c.i.p.c.AdminController                  : ---------------- Finished OK.
2019-11-23 23:05:47.345  INFO 3728 --- [http-nio-8080-exec-9] c.i.p.c.TeacherController                : ################ /project/teacher/withaccount/getAllWithUserAccount started.
2019-11-23 23:05:47.345  INFO 3728 --- [http-nio-8080-exec-9] c.i.p.c.TeacherController                : Logged username: admin
2019-11-23 23:05:47.380  INFO 3728 --- [http-nio-8080-exec-9] c.i.p.c.TeacherController                : ---------------- Finished OK.
2019-11-23 23:05:47.665  INFO 3728 --- [http-nio-8080-exec-10] c.i.p.c.SubjectController                : ################ /project/subjects/getAll started.
2019-11-23 23:05:47.666  INFO 3728 --- [http-nio-8080-exec-10] c.i.p.c.SubjectController                : Logged user: admin
2019-11-23 23:05:47.683  INFO 3728 --- [http-nio-8080-exec-10] c.i.p.c.SubjectController                : ---------------- Finished OK.
2019-11-23 23:05:54.503  INFO 3728 --- [http-nio-8080-exec-2] c.i.p.c.TeacherController                : ################ /project/teacher/{id}/add-subject/addSubjectsToTeacher started.
2019-11-23 23:05:54.504  INFO 3728 --- [http-nio-8080-exec-2] c.i.p.c.TeacherController                : Logged user: admin
2019-11-23 23:05:54.507  INFO 3728 --- [http-nio-8080-exec-2] c.i.p.c.TeacherController                : Teacher identified.
2019-11-23 23:05:54.509  INFO 3728 --- [http-nio-8080-exec-2] c.i.p.c.TeacherController                : Logged user identified.
2019-11-23 23:05:54.647  INFO 3728 --- [http-nio-8080-exec-2] c.i.p.c.TeacherController                : Subject/s added.
2019-11-23 23:05:54.647  INFO 3728 --- [http-nio-8080-exec-2] c.i.p.c.TeacherController                : ---------------- Finished OK.
2019-11-23 23:06:03.829  INFO 3728 --- [http-nio-8080-exec-4] c.i.p.c.TeacherController                : ################ /project/teacher/{id}/add-departments-to-subject/addDepartmentstoSubjectForTeacher started.
2019-11-23 23:06:03.829  INFO 3728 --- [http-nio-8080-exec-4] c.i.p.c.TeacherController                : Logged user: admin
2019-11-23 23:06:03.835  INFO 3728 --- [http-nio-8080-exec-4] c.i.p.c.TeacherController                : Teacher identified.
2019-11-23 23:06:03.837  INFO 3728 --- [http-nio-8080-exec-4] c.i.p.c.TeacherController                : Logged user identified.
2019-11-23 23:06:04.004  INFO 3728 --- [http-nio-8080-exec-4] c.i.p.c.TeacherController                : Subject/s in department/s added.
2019-11-23 23:06:04.004  INFO 3728 --- [http-nio-8080-exec-4] c.i.p.c.TeacherController                : ---------------- Finished OK.
2019-11-23 23:06:10.454  INFO 3728 --- [http-nio-8080-exec-6] c.i.p.c.ParentController                 : ################ /project/parent/withaccount/getAllWithUserAccount started.
2019-11-23 23:06:10.454  INFO 3728 --- [http-nio-8080-exec-6] c.i.p.c.ParentController                 : Logged username: admin
2019-11-23 23:06:10.504  INFO 3728 --- [http-nio-8080-exec-6] c.i.p.c.ParentController                 : ---------------- Finished OK.
2019-11-23 23:06:10.698  INFO 3728 --- [http-nio-8080-exec-7] c.i.p.c.StudentController                : ################ /project/student/getAll started.
2019-11-23 23:06:10.698  INFO 3728 --- [http-nio-8080-exec-7] c.i.p.c.StudentController                : Logged username: admin
2019-11-23 23:06:10.701  INFO 3728 --- [http-nio-8080-exec-7] c.i.p.c.StudentController                : ---------------- Finished OK.
2019-11-23 23:06:41.485  INFO 3728 --- [RMI TCP Connection(17)-127.0.0.1] inMXBeanRegistrar$SpringApplicationAdmin : Application shutdown requested.
2019-11-23 23:06:41.488  INFO 3728 --- [RMI TCP Connection(17)-127.0.0.1] o.s.s.c.ThreadPoolTaskExecutor           : Shutting down ExecutorService 'applicationTaskExecutor'
2019-11-23 23:06:41.492  INFO 3728 --- [RMI TCP Connection(17)-127.0.0.1] j.LocalContainerEntityManagerFactoryBean : Closing JPA EntityManagerFactory for persistence unit 'default'
2019-11-23 23:06:41.498  INFO 3728 --- [RMI TCP Connection(17)-127.0.0.1] c.z.h.HikariDataSource                   : HikariPool-1 - Shutdown initiated...
2019-11-23 23:06:41.512  INFO 3728 --- [RMI TCP Connection(17)-127.0.0.1] c.z.h.HikariDataSource                   : HikariPool-1 - Shutdown completed.
